<?xml version="1.0" encoding="UTF-8"?>
<!-- Generated by org.testng.reporters.JUnitReportReporter -->
<testsuite skipped="0" hostname="RtySatiz.local" name="com.disney.coding.Browser" tests="1" failures="0" timestamp="03 Mar 2020 17:59:29 GMT" time="2.314" errors="0">
  <testcase name="openDisneyHomePage" time="2.314" classname="com.disney.coding.Browser"/>
</testsuite> <!-- com.disney.coding.Browser -->
